2025-09-18 01:16:21,945 [INFO] Found 4 tickers in D:/Projects/fetch/in/tickers.csv
2025-09-18 01:16:21,946 [INFO] Processing ticker: INFY
2025-09-18 01:16:23,480 [INFO] Opening https://www.nseindia.com/get-quotes/equity?symbol=INFY
2025-09-18 01:16:26,579 [WARNING] Normal click failed, retrying with JS click...
2025-09-18 01:16:26,594 [INFO] Clicked on Annual Reports tab
2025-09-18 01:16:31,631 [INFO] Triggering download for Report_1 -> ANNUAL_UNKNOWN.pdf
2025-09-18 01:16:36,683 [INFO] Triggering download for Report_2 -> ANNUAL_UNKNOWN.pdf
2025-09-18 01:16:41,731 [INFO] Triggering download for Report_3 -> ANNUAL_UNKNOWN.zip
2025-09-18 01:16:46,776 [INFO] Triggering download for Report_4 -> ANNUAL_UNKNOWN.zip
2025-09-18 01:16:51,826 [INFO] Triggering download for Report_5 -> ANNUAL_UNKNOWN.zip
2025-09-18 01:16:56,876 [INFO] Triggering download for Report_6 -> ANNUAL_UNKNOWN.zip
2025-09-18 01:17:01,923 [INFO] Triggering download for Report_7 -> ANNUAL_UNKNOWN.zip
2025-09-18 01:17:06,976 [INFO] Triggering download for Report_8 -> ANNUAL_UNKNOWN.zip
2025-09-18 01:17:12,024 [INFO] Triggering download for Report_9 -> ANNUAL_UNKNOWN.zip
2025-09-18 01:17:17,067 [INFO] Triggering download for Report_10 -> ANNUAL_UNKNOWN.zip
2025-09-18 01:17:22,116 [INFO] Triggering download for Report_11 -> ANNUAL_UNKNOWN.zip
2025-09-18 01:17:27,161 [INFO] Triggering download for Report_12 -> ANNUAL_UNKNOWN.zip
2025-09-18 01:17:32,206 [INFO] Triggering download for Report_13 -> ANNUAL_UNKNOWN.zip
2025-09-18 01:17:37,253 [INFO] Triggering download for Report_14 -> ANNUAL_UNKNOWN.zip
2025-09-18 01:17:42,296 [INFO] Triggering download for Report_15 -> ANNUAL_UNKNOWN.zip
2025-09-18 01:17:47,331 [INFO] Reports downloaded to D:\Projects\fetch\reports\INFY/downloads
2025-09-18 01:17:49,484 [INFO] All reports processed for INFY [OK]
2025-09-18 01:17:49,484 [INFO] Processing ticker: TCS
2025-09-18 01:17:50,631 [INFO] Opening https://www.nseindia.com/get-quotes/equity?symbol=TCS
2025-09-18 01:17:53,954 [WARNING] Normal click failed, retrying with JS click...
2025-09-18 01:17:53,969 [INFO] Clicked on Annual Reports tab
2025-09-18 01:17:59,000 [INFO] Triggering download for Report_1 -> ANNUAL_UNKNOWN.pdf
2025-09-18 01:18:04,053 [INFO] Triggering download for Report_2 -> ANNUAL_UNKNOWN.zip
2025-09-18 01:18:09,097 [INFO] Triggering download for Report_3 -> ANNUAL_UNKNOWN.zip
2025-09-18 01:18:14,147 [INFO] Triggering download for Report_4 -> ANNUAL_UNKNOWN.zip
2025-09-18 01:18:19,193 [INFO] Triggering download for Report_5 -> ANNUAL_UNKNOWN.zip
2025-09-18 01:18:24,241 [INFO] Triggering download for Report_6 -> ANNUAL_UNKNOWN.zip
2025-09-18 01:18:29,296 [INFO] Triggering download for Report_7 -> ANNUAL_UNKNOWN.zip
2025-09-18 01:18:34,352 [INFO] Triggering download for Report_8 -> ANNUAL_UNKNOWN.zip
2025-09-18 01:18:39,405 [INFO] Triggering download for Report_9 -> ANNUAL_UNKNOWN.zip
2025-09-18 01:18:44,453 [INFO] Triggering download for Report_10 -> ANNUAL_UNKNOWN.zip
2025-09-18 01:18:49,498 [INFO] Triggering download for Report_11 -> ANNUAL_UNKNOWN.zip
2025-09-18 01:18:54,543 [INFO] Triggering download for Report_12 -> ANNUAL_UNKNOWN.zip
2025-09-18 01:18:59,589 [INFO] Triggering download for Report_13 -> ANNUAL_UNKNOWN.zip
2025-09-18 01:19:04,636 [INFO] Triggering download for Report_14 -> ANNUAL_UNKNOWN.zip
2025-09-18 01:19:09,683 [INFO] Triggering download for Report_15 -> ANNUAL_UNKNOWN.zip
2025-09-18 01:19:14,727 [INFO] Triggering download for Report_16 -> ANNUAL_UNKNOWN.zip
2025-09-18 01:19:19,765 [INFO] Reports downloaded to D:\Projects\fetch\reports\TCS/downloads
2025-09-18 01:19:21,915 [INFO] All reports processed for TCS [OK]
2025-09-18 01:19:21,915 [INFO] Processing ticker: RELIANCE
2025-09-18 01:19:23,095 [INFO] Opening https://www.nseindia.com/get-quotes/equity?symbol=RELIANCE
2025-09-18 01:19:26,329 [WARNING] Normal click failed, retrying with JS click...
2025-09-18 01:19:26,346 [INFO] Clicked on Annual Reports tab
2025-09-18 01:19:31,378 [INFO] Triggering download for Report_1 -> ANNUAL_UNKNOWN.pdf
2025-09-18 01:19:36,430 [INFO] Triggering download for Report_2 -> ANNUAL_UNKNOWN.pdf
2025-09-18 01:19:41,480 [INFO] Triggering download for Report_3 -> ANNUAL_UNKNOWN.zip
2025-09-18 01:19:46,525 [INFO] Triggering download for Report_4 -> ANNUAL_UNKNOWN.zip
2025-09-18 01:19:51,588 [INFO] Triggering download for Report_5 -> ANNUAL_UNKNOWN.zip
2025-09-18 01:19:56,650 [INFO] Triggering download for Report_6 -> ANNUAL_UNKNOWN.zip
2025-09-18 01:20:01,698 [INFO] Triggering download for Report_7 -> ANNUAL_UNKNOWN.zip
2025-09-18 01:20:06,744 [INFO] Triggering download for Report_8 -> ANNUAL_UNKNOWN.zip
2025-09-18 01:20:11,790 [INFO] Triggering download for Report_9 -> ANNUAL_UNKNOWN.zip
2025-09-18 01:20:16,837 [INFO] Triggering download for Report_10 -> ANNUAL_UNKNOWN.zip
2025-09-18 01:20:21,883 [INFO] Triggering download for Report_11 -> ANNUAL_UNKNOWN.zip
2025-09-18 01:20:26,929 [INFO] Triggering download for Report_12 -> ANNUAL_UNKNOWN.zip
2025-09-18 01:20:31,974 [INFO] Triggering download for Report_13 -> ANNUAL_UNKNOWN.zip
2025-09-18 01:20:37,031 [INFO] Triggering download for Report_14 -> ANNUAL_UNKNOWN.zip
2025-09-18 01:20:42,079 [INFO] Triggering download for Report_15 -> ANNUAL_UNKNOWN.zip
2025-09-18 01:20:47,124 [INFO] Triggering download for Report_16 -> ANNUAL_UNKNOWN.zip
2025-09-18 01:20:52,172 [INFO] Reports downloaded to D:\Projects\fetch\reports\RELIANCE/downloads
2025-09-18 01:20:54,332 [INFO] All reports processed for RELIANCE [OK]
2025-09-18 01:20:54,332 [INFO] Processing ticker: HDFCBANK
2025-09-18 01:20:55,487 [INFO] Opening https://www.nseindia.com/get-quotes/equity?symbol=HDFCBANK
2025-09-18 01:20:58,681 [WARNING] Normal click failed, retrying with JS click...
2025-09-18 01:20:58,706 [INFO] Clicked on Annual Reports tab
2025-09-18 01:21:03,739 [INFO] Triggering download for Report_1 -> ANNUAL_UNKNOWN.pdf
2025-09-18 01:21:08,803 [INFO] Triggering download for Report_2 -> ANNUAL_UNKNOWN.pdf
2025-09-18 01:21:13,856 [INFO] Triggering download for Report_3 -> ANNUAL_UNKNOWN.pdf
2025-09-18 01:21:18,903 [INFO] Triggering download for Report_4 -> ANNUAL_UNKNOWN.zip
2025-09-18 01:21:23,949 [INFO] Triggering download for Report_5 -> ANNUAL_UNKNOWN.zip
2025-09-18 01:21:28,990 [INFO] Triggering download for Report_6 -> ANNUAL_UNKNOWN.zip
2025-09-18 01:21:34,033 [INFO] Triggering download for Report_7 -> ANNUAL_UNKNOWN.zip
2025-09-18 01:21:39,086 [INFO] Triggering download for Report_8 -> ANNUAL_UNKNOWN.zip
2025-09-18 01:21:44,144 [INFO] Triggering download for Report_9 -> ANNUAL_UNKNOWN.zip
2025-09-18 01:21:49,198 [INFO] Triggering download for Report_10 -> ANNUAL_UNKNOWN.zip
2025-09-18 01:21:54,241 [INFO] Triggering download for Report_11 -> ANNUAL_UNKNOWN.zip
2025-09-18 01:21:59,287 [INFO] Triggering download for Report_12 -> ANNUAL_UNKNOWN.zip
2025-09-18 01:22:04,350 [INFO] Triggering download for Report_13 -> ANNUAL_UNKNOWN.zip
2025-09-18 01:22:09,411 [INFO] Triggering download for Report_14 -> ANNUAL_UNKNOWN.zip
2025-09-18 01:22:14,464 [INFO] Triggering download for Report_15 -> ANNUAL_UNKNOWN.zip
2025-09-18 01:22:19,516 [INFO] Triggering download for Report_16 -> ANNUAL_UNKNOWN.zip
2025-09-18 01:22:24,570 [INFO] Triggering download for Report_17 -> ANNUAL_UNKNOWN.zip
2025-09-18 01:22:29,598 [INFO] Reports downloaded to D:\Projects\fetch\reports\HDFCBANK/downloads
2025-09-18 01:22:31,726 [INFO] All reports processed for HDFCBANK [OK]
2025-09-18 01:35:09,917 [INFO] Found 11 tickers in D:/Projects/fetch/in/tickers.csv
2025-09-18 01:35:09,918 [INFO] Processing ticker: CDSL
2025-09-18 01:35:11,058 [INFO] Opening https://www.nseindia.com/get-quotes/equity?symbol=CDSL
2025-09-18 01:35:14,470 [WARNING] Normal click failed, retrying with JS click...
2025-09-18 01:35:14,487 [INFO] Clicked on Annual Reports tab
2025-09-18 01:35:19,518 [INFO] Triggering download for Report_1 -> ANNUAL_UNKNOWN.pdf
2025-09-18 01:35:24,568 [INFO] Triggering download for Report_2 -> ANNUAL_UNKNOWN.pdf
2025-09-18 01:35:29,617 [INFO] Triggering download for Report_3 -> ANNUAL_UNKNOWN.pdf
2025-09-18 01:35:34,664 [INFO] Triggering download for Report_4 -> ANNUAL_UNKNOWN.zip
2025-09-18 01:35:39,717 [INFO] Triggering download for Report_5 -> ANNUAL_UNKNOWN.zip
2025-09-18 01:35:44,765 [INFO] Triggering download for Report_6 -> ANNUAL_UNKNOWN.zip
2025-09-18 01:35:49,822 [INFO] Triggering download for Report_7 -> ANNUAL_UNKNOWN.zip
2025-09-18 01:35:54,868 [INFO] Triggering download for Report_8 -> ANNUAL_UNKNOWN.zip
2025-09-18 01:35:59,919 [INFO] Triggering download for Report_9 -> ANNUAL_UNKNOWN.zip
2025-09-18 01:36:04,953 [INFO] Reports downloaded to D:\Projects\fetch\reports\CDSL/downloads
2025-09-18 01:36:07,093 [INFO] All reports processed for CDSL [OK]
2025-09-18 01:36:07,093 [INFO] Processing ticker: BSE
2025-09-18 01:36:08,260 [INFO] Opening https://www.nseindia.com/get-quotes/equity?symbol=BSE
2025-09-18 01:36:11,704 [WARNING] Normal click failed, retrying with JS click...
2025-09-18 01:36:11,719 [INFO] Clicked on Annual Reports tab
2025-09-18 01:36:16,750 [INFO] Triggering download for Report_1 -> ANNUAL_UNKNOWN.pdf
2025-09-18 01:36:21,803 [INFO] Triggering download for Report_2 -> ANNUAL_UNKNOWN.pdf
2025-09-18 01:36:26,847 [INFO] Triggering download for Report_3 -> ANNUAL_UNKNOWN.pdf
2025-09-18 01:36:31,896 [INFO] Triggering download for Report_4 -> ANNUAL_UNKNOWN.zip
2025-09-18 01:36:36,941 [INFO] Triggering download for Report_5 -> ANNUAL_UNKNOWN.zip
2025-09-18 01:36:41,988 [INFO] Triggering download for Report_6 -> ANNUAL_UNKNOWN.zip
2025-09-18 01:36:47,033 [INFO] Triggering download for Report_7 -> ANNUAL_UNKNOWN.zip
2025-09-18 01:36:53,769 [INFO] Triggering download for Report_8 -> ANNUAL_UNKNOWN.zip
2025-09-18 01:37:20,023 [INFO] Triggering download for Report_9 -> ANNUAL_UNKNOWN.zip
2025-09-18 01:37:25,056 [INFO] Reports downloaded to D:\Projects\fetch\reports\BSE/downloads
2025-09-18 01:37:27,186 [INFO] All reports processed for BSE [OK]
2025-09-18 01:37:27,186 [INFO] Processing ticker: GESHIP
2025-09-18 01:37:28,320 [INFO] Opening https://www.nseindia.com/get-quotes/equity?symbol=GESHIP
2025-09-18 01:37:31,566 [WARNING] Normal click failed, retrying with JS click...
2025-09-18 01:37:31,581 [INFO] Clicked on Annual Reports tab
2025-09-18 01:37:36,610 [INFO] Triggering download for Report_1 -> ANNUAL_UNKNOWN.pdf
2025-09-18 01:37:41,674 [INFO] Triggering download for Report_2 -> ANNUAL_UNKNOWN.pdf
2025-09-18 01:37:46,722 [INFO] Triggering download for Report_3 -> ANNUAL_UNKNOWN.zip
2025-09-18 01:37:51,768 [INFO] Triggering download for Report_4 -> ANNUAL_UNKNOWN.zip
2025-09-18 01:37:56,815 [INFO] Triggering download for Report_5 -> ANNUAL_UNKNOWN.zip
2025-09-18 01:38:01,866 [INFO] Triggering download for Report_6 -> ANNUAL_UNKNOWN.zip
2025-09-18 01:38:06,915 [INFO] Triggering download for Report_7 -> ANNUAL_UNKNOWN.zip
2025-09-18 01:38:11,965 [INFO] Triggering download for Report_8 -> ANNUAL_UNKNOWN.zip
2025-09-18 01:38:17,013 [INFO] Triggering download for Report_9 -> ANNUAL_UNKNOWN.zip
2025-09-18 01:38:22,061 [INFO] Triggering download for Report_10 -> ANNUAL_UNKNOWN.zip
2025-09-18 01:38:27,106 [INFO] Triggering download for Report_11 -> ANNUAL_UNKNOWN.zip
2025-09-18 01:38:32,158 [INFO] Triggering download for Report_12 -> ANNUAL_UNKNOWN.zip
2025-09-18 01:38:37,205 [INFO] Triggering download for Report_13 -> ANNUAL_UNKNOWN.zip
2025-09-18 01:38:42,253 [INFO] Triggering download for Report_14 -> ANNUAL_UNKNOWN.zip
2025-09-18 01:38:47,299 [INFO] Triggering download for Report_15 -> ANNUAL_UNKNOWN.zip
2025-09-18 01:38:52,347 [INFO] Triggering download for Report_16 -> ANNUAL_UNKNOWN.zip
2025-09-18 01:38:57,395 [INFO] Reports downloaded to D:\Projects\fetch\reports\GESHIP/downloads
2025-09-18 01:38:59,526 [INFO] All reports processed for GESHIP [OK]
2025-09-18 01:38:59,526 [INFO] Processing ticker: KPITTECH
2025-09-18 01:39:00,664 [INFO] Opening https://www.nseindia.com/get-quotes/equity?symbol=KPITTECH
2025-09-18 01:39:04,028 [WARNING] Normal click failed, retrying with JS click...
2025-09-18 01:39:04,043 [INFO] Clicked on Annual Reports tab
2025-09-18 01:39:09,072 [INFO] Triggering download for Report_1 -> ANNUAL_UNKNOWN.pdf
2025-09-18 01:39:14,121 [INFO] Triggering download for Report_2 -> ANNUAL_UNKNOWN.pdf
2025-09-18 01:39:19,172 [INFO] Triggering download for Report_3 -> ANNUAL_UNKNOWN.zip
2025-09-18 01:39:24,216 [INFO] Triggering download for Report_4 -> ANNUAL_UNKNOWN.zip
2025-09-18 01:39:29,263 [INFO] Triggering download for Report_5 -> ANNUAL_UNKNOWN.zip
2025-09-18 01:39:34,311 [INFO] Triggering download for Report_6 -> ANNUAL_UNKNOWN.zip
2025-09-18 01:39:39,364 [INFO] Triggering download for Report_7 -> ANNUAL_UNKNOWN.zip
2025-09-18 01:39:44,397 [INFO] Reports downloaded to D:\Projects\fetch\reports\KPITTECH/downloads
2025-09-18 01:39:46,515 [INFO] All reports processed for KPITTECH [OK]
2025-09-18 01:39:46,516 [INFO] Processing ticker: PETRONET
2025-09-18 01:39:47,776 [INFO] Opening https://www.nseindia.com/get-quotes/equity?symbol=PETRONET
2025-09-18 01:39:51,079 [WARNING] Normal click failed, retrying with JS click...
2025-09-18 01:39:51,094 [INFO] Clicked on Annual Reports tab
2025-09-18 01:39:56,125 [INFO] Triggering download for Report_1 -> ANNUAL_UNKNOWN.pdf
2025-09-18 01:40:01,175 [INFO] Triggering download for Report_2 -> ANNUAL_UNKNOWN.pdf
2025-09-18 01:40:06,219 [INFO] Triggering download for Report_3 -> ANNUAL_UNKNOWN.pdf
2025-09-18 01:40:11,265 [INFO] Triggering download for Report_4 -> ANNUAL_UNKNOWN.zip
2025-09-18 01:40:16,311 [INFO] Triggering download for Report_5 -> ANNUAL_UNKNOWN.zip
2025-09-18 01:40:21,360 [INFO] Triggering download for Report_6 -> ANNUAL_UNKNOWN.zip
2025-09-18 01:40:26,418 [INFO] Triggering download for Report_7 -> ANNUAL_UNKNOWN.zip
2025-09-18 01:40:31,460 [INFO] Triggering download for Report_8 -> ANNUAL_UNKNOWN.zip
2025-09-18 01:40:36,508 [INFO] Triggering download for Report_9 -> ANNUAL_UNKNOWN.zip
2025-09-18 01:40:41,554 [INFO] Triggering download for Report_10 -> ANNUAL_UNKNOWN.zip
2025-09-18 01:40:46,602 [INFO] Triggering download for Report_11 -> ANNUAL_UNKNOWN.zip
2025-09-18 01:40:51,651 [INFO] Triggering download for Report_12 -> ANNUAL_UNKNOWN.zip
2025-09-18 01:40:56,704 [INFO] Triggering download for Report_13 -> ANNUAL_UNKNOWN.zip
2025-09-18 01:41:01,748 [INFO] Triggering download for Report_14 -> ANNUAL_UNKNOWN.zip
2025-09-18 01:41:06,797 [INFO] Triggering download for Report_15 -> ANNUAL_UNKNOWN.zip
2025-09-18 01:41:11,841 [INFO] Triggering download for Report_16 -> ANNUAL_UNKNOWN.zip
2025-09-18 01:41:16,890 [INFO] Triggering download for Report_17 -> ANNUAL_UNKNOWN.zip
2025-09-18 01:41:21,922 [INFO] Reports downloaded to D:\Projects\fetch\reports\PETRONET/downloads
2025-09-18 01:41:24,042 [INFO] All reports processed for PETRONET [OK]
2025-09-18 01:41:24,043 [INFO] Processing ticker: PDMJEPAPER
2025-09-18 01:41:25,223 [INFO] Opening https://www.nseindia.com/get-quotes/equity?symbol=PDMJEPAPER
2025-09-18 01:41:28,209 [WARNING] Normal click failed, retrying with JS click...
2025-09-18 01:41:28,224 [INFO] Clicked on Annual Reports tab
2025-09-18 01:41:33,254 [INFO] Triggering download for Report_1 -> ANNUAL_UNKNOWN.pdf
2025-09-18 01:41:38,305 [INFO] Triggering download for Report_2 -> ANNUAL_UNKNOWN.pdf
2025-09-18 01:41:43,349 [INFO] Triggering download for Report_3 -> ANNUAL_UNKNOWN.pdf
2025-09-18 01:41:48,405 [INFO] Triggering download for Report_4 -> ANNUAL_UNKNOWN.zip
2025-09-18 01:41:53,450 [INFO] Triggering download for Report_5 -> ANNUAL_UNKNOWN.zip
2025-09-18 01:41:58,504 [INFO] Triggering download for Report_6 -> ANNUAL_UNKNOWN.zip
2025-09-18 01:42:03,554 [INFO] Triggering download for Report_7 -> ANNUAL_UNKNOWN.zip
2025-09-18 01:42:08,598 [INFO] Triggering download for Report_8 -> ANNUAL_UNKNOWN.zip
2025-09-18 01:42:13,644 [INFO] Triggering download for Report_9 -> ANNUAL_UNKNOWN.zip
2025-09-18 01:42:18,689 [INFO] Triggering download for Report_10 -> ANNUAL_UNKNOWN.zip
2025-09-18 01:42:23,732 [INFO] Triggering download for Report_11 -> ANNUAL_UNKNOWN.zip
2025-09-18 01:42:28,772 [INFO] Reports downloaded to D:\Projects\fetch\reports\PDMJEPAPER/downloads
2025-09-18 01:42:30,916 [INFO] All reports processed for PDMJEPAPER [OK]
2025-09-18 01:42:30,917 [INFO] Processing ticker: RAYMOND
2025-09-18 01:42:32,130 [INFO] Opening https://www.nseindia.com/get-quotes/equity?symbol=RAYMOND
2025-09-18 01:42:35,573 [WARNING] Normal click failed, retrying with JS click...
2025-09-18 01:42:35,588 [INFO] Clicked on Annual Reports tab
2025-09-18 01:42:40,617 [INFO] Triggering download for Report_1 -> ANNUAL_UNKNOWN.pdf
2025-09-18 01:42:45,667 [INFO] Triggering download for Report_2 -> ANNUAL_UNKNOWN.pdf
2025-09-18 01:42:50,723 [INFO] Triggering download for Report_3 -> ANNUAL_UNKNOWN.zip
2025-09-18 01:42:55,771 [INFO] Triggering download for Report_4 -> ANNUAL_UNKNOWN.zip
2025-09-18 01:43:00,821 [INFO] Triggering download for Report_5 -> ANNUAL_UNKNOWN.zip
2025-09-18 01:43:05,876 [INFO] Triggering download for Report_6 -> ANNUAL_UNKNOWN.zip
2025-09-18 01:43:10,924 [INFO] Triggering download for Report_7 -> ANNUAL_UNKNOWN.zip
2025-09-18 01:43:15,970 [INFO] Triggering download for Report_8 -> ANNUAL_UNKNOWN.zip
2025-09-18 01:43:21,018 [INFO] Triggering download for Report_9 -> ANNUAL_UNKNOWN.zip
2025-09-18 01:43:26,067 [INFO] Triggering download for Report_10 -> ANNUAL_UNKNOWN.zip
2025-09-18 01:43:31,117 [INFO] Triggering download for Report_11 -> ANNUAL_UNKNOWN.zip
2025-09-18 01:43:36,165 [INFO] Triggering download for Report_12 -> ANNUAL_UNKNOWN.zip
2025-09-18 01:43:41,221 [INFO] Triggering download for Report_13 -> ANNUAL_UNKNOWN.zip
2025-09-18 01:43:46,293 [INFO] Triggering download for Report_14 -> ANNUAL_UNKNOWN.zip
2025-09-18 01:43:51,347 [INFO] Triggering download for Report_15 -> ANNUAL_UNKNOWN.zip
2025-09-18 01:43:56,436 [INFO] Triggering download for Report_16 -> ANNUAL_UNKNOWN.zip
2025-09-18 01:44:01,476 [INFO] Reports downloaded to D:\Projects\fetch\reports\RAYMOND/downloads
2025-09-18 01:44:03,649 [INFO] All reports processed for RAYMOND [OK]
2025-09-18 01:44:03,649 [INFO] Processing ticker: BEML
2025-09-18 01:44:04,865 [INFO] Opening https://www.nseindia.com/get-quotes/equity?symbol=BEML
2025-09-18 01:44:08,434 [WARNING] Normal click failed, retrying with JS click...
2025-09-18 01:44:08,448 [INFO] Clicked on Annual Reports tab
2025-09-18 01:44:13,478 [INFO] Triggering download for Report_1 -> ANNUAL_UNKNOWN.pdf
2025-09-18 01:44:18,528 [INFO] Triggering download for Report_2 -> ANNUAL_UNKNOWN.pdf
2025-09-18 01:44:23,576 [INFO] Triggering download for Report_3 -> ANNUAL_UNKNOWN.pdf
2025-09-18 01:44:28,632 [INFO] Triggering download for Report_4 -> ANNUAL_UNKNOWN.zip
2025-09-18 01:44:33,678 [INFO] Triggering download for Report_5 -> ANNUAL_UNKNOWN.zip
2025-09-18 01:44:38,727 [INFO] Triggering download for Report_6 -> ANNUAL_UNKNOWN.zip
2025-09-18 01:44:43,777 [INFO] Triggering download for Report_7 -> ANNUAL_UNKNOWN.zip
2025-09-18 01:44:48,821 [INFO] Triggering download for Report_8 -> ANNUAL_UNKNOWN.zip
2025-09-18 01:44:53,867 [INFO] Triggering download for Report_9 -> ANNUAL_UNKNOWN.zip
2025-09-18 01:44:58,915 [INFO] Triggering download for Report_10 -> ANNUAL_UNKNOWN.zip
2025-09-18 01:45:03,962 [INFO] Triggering download for Report_11 -> ANNUAL_UNKNOWN.zip
2025-09-18 01:45:09,007 [INFO] Triggering download for Report_12 -> ANNUAL_UNKNOWN.zip
2025-09-18 01:45:14,057 [INFO] Triggering download for Report_13 -> ANNUAL_UNKNOWN.zip
2025-09-18 01:45:19,106 [INFO] Triggering download for Report_14 -> ANNUAL_UNKNOWN.zip
2025-09-18 01:45:24,156 [INFO] Triggering download for Report_15 -> ANNUAL_UNKNOWN.zip
2025-09-18 01:45:29,205 [INFO] Triggering download for Report_16 -> ANNUAL_UNKNOWN.zip
2025-09-18 01:45:34,260 [INFO] Triggering download for Report_17 -> ANNUAL_UNKNOWN.zip
2025-09-18 01:45:39,291 [INFO] Reports downloaded to D:\Projects\fetch\reports\BEML/downloads
2025-09-18 01:45:41,405 [INFO] All reports processed for BEML [OK]
2025-09-18 01:45:41,405 [INFO] Processing ticker: NSDL
2025-09-18 01:45:42,547 [INFO] Opening https://www.nseindia.com/get-quotes/equity?symbol=NSDL
2025-09-18 01:45:46,023 [WARNING] Normal click failed, retrying with JS click...
2025-09-18 01:45:46,037 [INFO] Clicked on Annual Reports tab
2025-09-18 01:45:51,049 [ERROR] No report links found for NSDL
2025-09-18 01:45:53,157 [INFO] All reports processed for NSDL [OK]
2025-09-18 01:45:53,157 [INFO] Processing ticker: RAYMONDLSL
2025-09-18 01:45:54,266 [INFO] Opening https://www.nseindia.com/get-quotes/equity?symbol=RAYMONDLSL
2025-09-18 01:45:57,436 [WARNING] Normal click failed, retrying with JS click...
2025-09-18 01:45:57,452 [INFO] Clicked on Annual Reports tab
2025-09-18 01:46:02,482 [INFO] Triggering download for Report_1 -> ANNUAL_UNKNOWN.pdf
2025-09-18 01:46:07,535 [INFO] Triggering download for Report_2 -> ANNUAL_UNKNOWN.pdf
2025-09-18 01:46:12,569 [INFO] Reports downloaded to D:\Projects\fetch\reports\RAYMONDLSL/downloads
2025-09-18 01:46:14,694 [INFO] All reports processed for RAYMONDLSL [OK]
2025-09-18 01:46:14,694 [INFO] Processing ticker: RAYMONDREL
2025-09-18 01:46:15,846 [INFO] Opening https://www.nseindia.com/get-quotes/equity?symbol=RAYMONDREL
2025-09-18 01:46:18,961 [WARNING] Normal click failed, retrying with JS click...
2025-09-18 01:46:18,977 [INFO] Clicked on Annual Reports tab
2025-09-18 01:46:24,004 [INFO] Triggering download for Report_1 -> ANNUAL_UNKNOWN.pdf
2025-09-18 01:46:29,047 [INFO] Reports downloaded to D:\Projects\fetch\reports\RAYMONDREL/downloads
2025-09-18 01:46:31,155 [INFO] All reports processed for RAYMONDREL [OK]
